{
  "RSpec": {
    "coverage": {
      "/home/neelofarakhtar/Desktop/Task/first_api_app/spec/support/api_helpers.rb": {
        "lines": [
          1,
          1,
          3,
          null,
          null
        ]
      },
      "/home/neelofarakhtar/Desktop/Task/first_api_app/app/models/post.rb": {
        "lines": [
          1,
          1,
          null
        ]
      },
      "/home/neelofarakhtar/Desktop/Task/first_api_app/app/models/application_record.rb": {
        "lines": [
          1,
          1,
          null
        ]
      },
      "/home/neelofarakhtar/Desktop/Task/first_api_app/app/controllers/api/v1/posts_controller.rb": {
        "lines": [
          1,
          1,
          2,
          2,
          null,
          null,
          1,
          4,
          null,
          4,
          3,
          null,
          1,
          null,
          null,
          null,
          1,
          1,
          1,
          null,
          null,
          null,
          1,
          null,
          1,
          4,
          null,
          null
        ]
      },
      "/home/neelofarakhtar/Desktop/Task/first_api_app/app/controllers/application_controller.rb": {
        "lines": [
          1,
          null
        ]
      }
    },
    "timestamp": 1665482783
  }
}
